# JRE version: Java(TM) SE Runtime Environment 18.9 (11.0.20+9) (build 11.0.20+9-LTS-256)
# Java VM: Java HotSpot(TM) 64-Bit Server VM 18.9 (11.0.20+9-LTS-256, mixed mode, tiered, compressed oops, g1 gc, windows-amd64)
Heap:
 garbage-first heap   total 2070528K, used 694272K [0x0000000600e00000, 0x0000000800000000)
  region size 2048K, 9 young (18432K), 9 survivors (18432K)
 Metaspace       used 14405K, capacity 14818K, committed 14848K, reserved 1062912K
  class space    used 1332K, capacity 1521K, committed 1536K, reserved 1048576K
GC Heap History (10 events):
Event: 3.900 GC heap after
{Heap after GC invocations=9 (full 0):
 garbage-first heap   total 700416K, used 125408K [0x0000000600e00000, 0x0000000800000000)
  region size 2048K, 7 young (14336K), 7 survivors (14336K)
 Metaspace       used 14405K, capacity 14818K, committed 14848K, reserved 1062912K
  class space    used 1332K, capacity 1521K, committed 1536K, reserved 1048576K
}
Event: 4.944 GC heap before
{Heap before GC invocations=9 (full 0):
 garbage-first heap   total 700416K, used 518624K [0x0000000600e00000, 0x0000000800000000)
  region size 2048K, 199 young (407552K), 7 survivors (14336K)
 Metaspace       used 14405K, capacity 14818K, committed 14848K, reserved 1062912K
  class space    used 1332K, capacity 1521K, committed 1536K, reserved 1048576K
}
Event: 5.087 GC heap after
{Heap after GC invocations=10 (full 0):
 garbage-first heap   total 1005568K, used 362953K [0x0000000600e00000, 0x0000000800000000)
  region size 2048K, 25 young (51200K), 25 survivors (51200K)
 Metaspace       used 14405K, capacity 14818K, committed 14848K, reserved 1062912K
  class space    used 1332K, capacity 1521K, committed 1536K, reserved 1048576K
}
Event: 5.338 GC heap before
{Heap before GC invocations=10 (full 0):
 garbage-first heap   total 1005568K, used 496073K [0x0000000600e00000, 0x0000000800000000)
  region size 2048K, 90 young (184320K), 25 survivors (51200K)
 Metaspace       used 14405K, capacity 14818K, committed 14848K, reserved 1062912K
  class space    used 1332K, capacity 1521K, committed 1536K, reserved 1048576K
}
Event: 5.390 GC heap after
{Heap after GC invocations=11 (full 0):
 garbage-first heap   total 1005568K, used 450560K [0x0000000600e00000, 0x0000000800000000)
  region size 2048K, 12 young (24576K), 12 survivors (24576K)
 Metaspace       used 14405K, capacity 14818K, committed 14848K, reserved 1062912K
  class space    used 1332K, capacity 1521K, committed 1536K, reserved 1048576K
}
Event: 5.525 GC heap before
{Heap before GC invocations=11 (full 0):
 garbage-first heap   total 1005568K, used 585728K [0x0000000600e00000, 0x0000000800000000)
  region size 2048K, 78 young (159744K), 12 survivors (24576K)
 Metaspace       used 14405K, capacity 14818K, committed 14848K, reserved 1062912K
  class space    used 1332K, capacity 1521K, committed 1536K, reserved 1048576K
}
Event: 5.564 GC heap after
{Heap after GC invocations=12 (full 0):
 garbage-first heap   total 1005568K, used 532480K [0x0000000600e00000, 0x0000000800000000)
  region size 2048K, 10 young (20480K), 10 survivors (20480K)
 Metaspace       used 14405K, capacity 14818K, committed 14848K, reserved 1062912K
  class space    used 1332K, capacity 1521K, committed 1536K, reserved 1048576K
}
Event: 5.693 GC heap before
{Heap before GC invocations=12 (full 0):
 garbage-first heap   total 1005568K, used 673792K [0x0000000600e00000, 0x0000000800000000)
  region size 2048K, 79 young (161792K), 10 survivors (20480K)
 Metaspace       used 14405K, capacity 14818K, committed 14848K, reserved 1062912K
  class space    used 1332K, capacity 1521K, committed 1536K, reserved 1048576K
}
Event: 5.732 GC heap after
{Heap after GC invocations=13 (full 0):
 garbage-first heap   total 1005568K, used 620544K [0x0000000600e00000, 0x0000000800000000)
  region size 2048K, 10 young (20480K), 10 survivors (20480K)
 Metaspace       used 14405K, capacity 14818K, committed 14848K, reserved 1062912K
  class space    used 1332K, capacity 1521K, committed 1536K, reserved 1048576K
}
Event: 5.831 GC heap before
{Heap before GC invocations=13 (full 0):
 garbage-first heap   total 1005568K, used 735232K [0x0000000600e00000, 0x0000000800000000)
  region size 2048K, 66 young (135168K), 10 survivors (20480K)
 Metaspace       used 14405K, capacity 14818K, committed 14848K, reserved 1062912K
  class space    used 1332K, capacity 1521K, committed 1536K, reserved 1048576K
}

